<?xml version="1.0" encoding="UTF-8"?>
<!-- Generated by org.testng.reporters.JUnitReportReporter -->
<testsuite hostname="JarvisLaptop" failures="0" tests="1" name="TestCases.CreateClient" time="15.172" errors="0" timestamp="2022-07-21T22:09:18 IST" skipped="0">
  <testcase classname="TestCases.CreateClient" name="CreateClient" time="15.172"/>
  <system-out/>
</testsuite> <!-- TestCases.CreateClient -->
