<?xml version="1.0" encoding="UTF-8"?>
<!-- Generated by org.testng.reporters.JUnitReportReporter -->
<testsuite hostname="JarvisLaptop" failures="0" tests="3" name="TestCases.LoginTest" time="26.459" errors="0" timestamp="2022-07-24T21:41:22 IST" skipped="0">
  <testcase classname="TestCases.LoginTest" name="LoginTest" time="6.341"/>
  <system-out/>
  <testcase classname="TestCases.LoginTest" name="InvalidLogin" time="9.470"/>
  <system-out/>
  <testcase classname="TestCases.LoginTest" name="InvalidLogin" time="10.648"/>
  <system-out/>
</testsuite> <!-- TestCases.LoginTest -->
