<?xml version="1.0" encoding="UTF-8"?>
<!-- Generated by org.testng.reporters.JUnitReportReporter -->
<testsuite hostname="JarvisLaptop" failures="0" tests="1" name="TestCases.LoginTest" time="0.528" errors="0" timestamp="2022-07-18T21:16:00 IST" skipped="0">
  <testcase classname="TestCases.LoginTest" name="LoginTest" time="0.528"/>
  <system-out/>
</testsuite> <!-- TestCases.LoginTest -->
