<?xml version="1.0" encoding="UTF-8"?>
<!-- Generated by org.testng.reporters.JUnitReportReporter -->
<testsuite hostname="JarvisLaptop" failures="0" tests="1" name="LoginTest" time="3.338" errors="0" timestamp="2022-06-30T21:25:38 IST" skipped="0">
  <testcase classname="LoginTest" name="login" time="3.338"/>
  <system-out/>
</testsuite> <!-- LoginTest -->
