<?xml version="1.0" encoding="UTF-8"?>
<!-- Generated by org.testng.reporters.JUnitReportReporter -->
<testsuite hostname="JarvisLaptop" failures="0" tests="1" name="LoginTest" time="6.524" errors="0" timestamp="2022-06-30T18:59:55 IST" skipped="0">
  <testcase classname="LoginTest" name="login" time="6.524"/>
  <system-out/>
</testsuite> <!-- LoginTest -->
