<?xml version="1.0" encoding="UTF-8"?>
<!-- Generated by org.testng.reporters.JUnitReportReporter -->
<testsuite hostname="JarvisLaptop" failures="0" tests="2" name="Insurance.HomeInsuranceTest" time="0.002" errors="0" timestamp="2022-06-27T21:24:27 IST" skipped="0">
  <testcase classname="Insurance.HomeInsuranceTest" name="WebLogin" time="0.002"/>
  <system-out/>
  <testcase classname="Insurance.HomeInsuranceTest" name="WebLogout" time="0.000"/>
  <system-out/>
</testsuite> <!-- Insurance.HomeInsuranceTest -->
