<?xml version="1.0" encoding="UTF-8"?>
<!-- Generated by org.testng.reporters.JUnitReportReporter -->
<testsuite hostname="JarvisLaptop" failures="0" tests="2" name="Insurance.DogInsuranceTest" time="0.015" errors="0" timestamp="2022-06-27T21:24:27 IST" skipped="0">
  <testcase classname="Insurance.DogInsuranceTest" name="WebLogin" time="0.013"/>
  <system-out/>
  <testcase classname="Insurance.DogInsuranceTest" name="WebLogout" time="0.002"/>
  <system-out/>
</testsuite> <!-- Insurance.DogInsuranceTest -->
