<?xml version="1.0" encoding="UTF-8"?>
<!-- Generated by org.testng.reporters.JUnitReportReporter -->
<testsuite hostname="JarvisLaptop" failures="0" tests="4" name="Tutorial.VehicleInsurance" time="0.009" errors="0" timestamp="2022-07-05T21:54:20 IST" skipped="0">
  <testcase classname="Tutorial.VehicleInsurance" name="MobileLogout" time="0.006"/>
  <system-out/>
  <testcase classname="Tutorial.VehicleInsurance" name="MobileLogin" time="0.001"/>
  <system-out/>
  <testcase classname="Tutorial.VehicleInsurance" name="WebLogout" time="0.001"/>
  <system-out/>
  <testcase classname="Tutorial.VehicleInsurance" name="WebLogin" time="0.001"/>
  <system-out/>
</testsuite> <!-- Tutorial.VehicleInsurance -->
