<?xml version="1.0" encoding="UTF-8"?>
<!-- Generated by org.testng.reporters.JUnitReportReporter -->
<testsuite hostname="JarvisLaptop" failures="0" tests="1" name="Tutorial.ParameterInTestNG" time="0.001" errors="0" timestamp="2022-06-24T20:53:37 IST" skipped="0">
  <testcase classname="Tutorial.ParameterInTestNG" name="pgm" time="0.001"/>
  <system-out/>
</testsuite> <!-- Tutorial.ParameterInTestNG -->
