<?xml version="1.0" encoding="UTF-8"?>
<!-- Generated by org.testng.reporters.JUnitReportReporter -->
<testsuite hostname="JarvisLaptop" failures="0" tests="2" name="Tutorial.VehicleInsurance" time="0.002" errors="0" timestamp="2022-06-24T21:22:01 IST" skipped="0">
  <testcase classname="Tutorial.VehicleInsurance" name="WebLogout" time="0.001"/>
  <system-out/>
  <testcase classname="Tutorial.VehicleInsurance" name="WebLogin" time="0.001"/>
  <system-out/>
</testsuite> <!-- Tutorial.VehicleInsurance -->
