<?xml version="1.0" encoding="UTF-8"?>
<!-- Generated by org.testng.reporters.JUnitReportReporter -->
<testsuite hostname="JarvisLaptop" failures="0" tests="3" name="Tutorial.TestNGDP" time="9.773" errors="0" timestamp="2022-06-23T21:37:37 IST" skipped="0">
  <testcase classname="Tutorial.TestNGDP" name="SwagLagsLogin" time="2.566"/>
  <system-out/>
  <testcase classname="Tutorial.TestNGDP" name="SwagLagsLogin" time="4.694"/>
  <system-out/>
  <testcase classname="Tutorial.TestNGDP" name="SwagLagsLogin" time="2.513"/>
  <system-out/>
</testsuite> <!-- Tutorial.TestNGDP -->
