<?xml version="1.0" encoding="UTF-8"?>
<!-- Generated by org.testng.reporters.JUnitReportReporter -->
<testsuite hostname="JarvisLaptop" failures="0" tests="2" name="Tutorial.HomeInsurance" time="0.004" errors="0" timestamp="2022-06-24T21:22:01 IST" skipped="0">
  <testcase classname="Tutorial.HomeInsurance" name="WebLogout" time="0.002"/>
  <system-out/>
  <testcase classname="Tutorial.HomeInsurance" name="WebLogin" time="0.002"/>
  <system-out/>
</testsuite> <!-- Tutorial.HomeInsurance -->
