<?xml version="1.0" encoding="UTF-8"?>
<!-- Generated by org.testng.reporters.JUnitReportReporter -->
<testsuite hostname="JarvisLaptop" failures="0" tests="1" name="Tutorial.TestNgFirstPgm" time="0.001" errors="0" timestamp="2022-06-22T21:28:20 IST" skipped="0">
  <testcase classname="Tutorial.TestNgFirstPgm" name="firstpgm" time="0.001"/>
  <system-out/>
</testsuite> <!-- Tutorial.TestNgFirstPgm -->
